<?xml version="1.0" encoding="UTF-8"?>
<!-- Generated by org.testng.reporters.JUnitReportReporter -->
<testsuite hostname="DESKTOP-THUOFRI" failures="0" tests="4" name="api.test.UserTest" time="8.418" errors="0" timestamp="2024-01-19T10:45:05 IST" skipped="0">
  <testcase classname="api.test.UserTest" name="testPostUser" time="3.527"/>
  <testcase classname="api.test.UserTest" name="getUser" time="1.141"/>
  <testcase classname="api.test.UserTest" name="UpdateUserByUsername" time="2.640"/>
  <testcase classname="api.test.UserTest" name="DeleteByUsername" time="1.110"/>
</testsuite> <!-- api.test.UserTest -->
